[26-Sep-2018 08:52:12 UTC] PHP Fatal error:  Uncaught Error: Call to undefined function wp_enqueue_styles() in /app/public/wp-content/themes/college-theme/functions.php:4
Stack trace:
#0 /app/public/wp-includes/class-wp-hook.php(286): college_styles('')
#1 /app/public/wp-includes/class-wp-hook.php(310): WP_Hook->apply_filters('', Array)
#2 /app/public/wp-includes/plugin.php(453): WP_Hook->do_action(Array)
#3 /app/public/wp-includes/script-loader.php(1447): do_action('wp_enqueue_scri...')
#4 /app/public/wp-includes/class-wp-hook.php(286): wp_enqueue_scripts('')
#5 /app/public/wp-includes/class-wp-hook.php(310): WP_Hook->apply_filters(NULL, Array)
#6 /app/public/wp-includes/plugin.php(453): WP_Hook->do_action(Array)
#7 /app/public/wp-includes/general-template.php(2614): do_action('wp_head')
#8 /app/public/wp-content/themes/college-theme/index.php(8): wp_head()
#9 /app/public/wp-includes/template-loader.php(74): include('/app/public/wp-...')
#10 /app/public/wp-blog-header.php(19): require_once('/app/public/wp-...')
#11 /app/public/index.php(17): require('/ in /app/public/wp-content/themes/college-theme/functions.php on line 4
[26-Sep-2018 08:52:15 UTC] PHP Fatal error:  Uncaught Error: Call to undefined function wp_enqueue_styles() in /app/public/wp-content/themes/college-theme/functions.php:4
Stack trace:
#0 /app/public/wp-includes/class-wp-hook.php(286): college_styles('')
#1 /app/public/wp-includes/class-wp-hook.php(310): WP_Hook->apply_filters('', Array)
#2 /app/public/wp-includes/plugin.php(453): WP_Hook->do_action(Array)
#3 /app/public/wp-includes/script-loader.php(1447): do_action('wp_enqueue_scri...')
#4 /app/public/wp-includes/class-wp-hook.php(286): wp_enqueue_scripts('')
#5 /app/public/wp-includes/class-wp-hook.php(310): WP_Hook->apply_filters(NULL, Array)
#6 /app/public/wp-includes/plugin.php(453): WP_Hook->do_action(Array)
#7 /app/public/wp-includes/general-template.php(2614): do_action('wp_head')
#8 /app/public/wp-content/themes/college-theme/index.php(8): wp_head()
#9 /app/public/wp-includes/template-loader.php(74): include('/app/public/wp-...')
#10 /app/public/wp-blog-header.php(19): require_once('/app/public/wp-...')
#11 /app/public/index.php(17): require('/ in /app/public/wp-content/themes/college-theme/functions.php on line 4
[26-Sep-2018 09:59:12 UTC] PHP Warning:  call_user_func_array() expects parameter 1 to be a valid callback, function 'college_features' not found or invalid function name in /app/public/wp-includes/class-wp-hook.php on line 286
[26-Sep-2018 09:59:51 UTC] PHP Warning:  call_user_func_array() expects parameter 1 to be a valid callback, function 'college_features' not found or invalid function name in /app/public/wp-includes/class-wp-hook.php on line 286
[26-Sep-2018 10:02:10 UTC] PHP Warning:  call_user_func_array() expects parameter 1 to be a valid callback, function 'college_features' not found or invalid function name in /app/public/wp-includes/class-wp-hook.php on line 286
[26-Sep-2018 10:02:10 UTC] PHP Warning:  call_user_func_array() expects parameter 1 to be a valid callback, function 'college_features' not found or invalid function name in /app/public/wp-includes/class-wp-hook.php on line 286
[26-Sep-2018 10:02:12 UTC] PHP Warning:  call_user_func_array() expects parameter 1 to be a valid callback, function 'college_features' not found or invalid function name in /app/public/wp-includes/class-wp-hook.php on line 286
[26-Sep-2018 10:02:12 UTC] PHP Warning:  call_user_func_array() expects parameter 1 to be a valid callback, function 'college_features' not found or invalid function name in /app/public/wp-includes/class-wp-hook.php on line 286
[26-Sep-2018 10:02:13 UTC] PHP Warning:  call_user_func_array() expects parameter 1 to be a valid callback, function 'college_features' not found or invalid function name in /app/public/wp-includes/class-wp-hook.php on line 286
[26-Sep-2018 10:02:13 UTC] PHP Warning:  call_user_func_array() expects parameter 1 to be a valid callback, function 'college_features' not found or invalid function name in /app/public/wp-includes/class-wp-hook.php on line 286
[26-Sep-2018 10:02:15 UTC] PHP Warning:  call_user_func_array() expects parameter 1 to be a valid callback, function 'college_features' not found or invalid function name in /app/public/wp-includes/class-wp-hook.php on line 286
[26-Sep-2018 10:02:19 UTC] PHP Warning:  call_user_func_array() expects parameter 1 to be a valid callback, function 'college_features' not found or invalid function name in /app/public/wp-includes/class-wp-hook.php on line 286
[26-Sep-2018 10:02:22 UTC] PHP Warning:  call_user_func_array() expects parameter 1 to be a valid callback, function 'college_features' not found or invalid function name in /app/public/wp-includes/class-wp-hook.php on line 286
[26-Sep-2018 10:02:29 UTC] PHP Warning:  call_user_func_array() expects parameter 1 to be a valid callback, function 'college_features' not found or invalid function name in /app/public/wp-includes/class-wp-hook.php on line 286
[26-Sep-2018 10:02:43 UTC] PHP Warning:  call_user_func_array() expects parameter 1 to be a valid callback, function 'college_features' not found or invalid function name in /app/public/wp-includes/class-wp-hook.php on line 286
[26-Sep-2018 10:02:43 UTC] PHP Warning:  call_user_func_array() expects parameter 1 to be a valid callback, function 'college_features' not found or invalid function name in /app/public/wp-includes/class-wp-hook.php on line 286
[26-Sep-2018 11:16:12 UTC] PHP Warning:  Error while sending QUERY packet. PID=7397 in /app/public/wp-includes/wp-db.php on line 1924
