2018-09-19 16:08:02 30 [Warning] Using unique option prefix myisam-recover instead of myisam-recover-options is deprecated and will be removed in a future release. Please use the full name instead.
2018-09-19 16:08:02 30 [Note] Plugin 'FEDERATED' is disabled.
2018-09-19 16:08:02 30 [Note] InnoDB: Using atomics to ref count buffer pool pages
2018-09-19 16:08:02 30 [Note] InnoDB: The InnoDB memory heap is disabled
2018-09-19 16:08:02 30 [Note] InnoDB: Mutexes and rw_locks use GCC atomic builtins
2018-09-19 16:08:02 30 [Note] InnoDB: Memory barrier is not used
2018-09-19 16:08:02 30 [Note] InnoDB: Compressed tables use zlib 1.2.3
2018-09-19 16:08:02 30 [Note] InnoDB: Using Linux native AIO
2018-09-19 16:08:02 30 [Note] InnoDB: Using CPU crc32 instructions
2018-09-19 16:08:02 30 [Note] InnoDB: Initializing buffer pool, size = 32.0M
2018-09-19 16:08:02 30 [Note] InnoDB: Completed initialization of buffer pool
2018-09-19 16:08:02 30 [Note] InnoDB: Highest supported file format is Barracuda.
2018-09-19 16:08:02 30 [Note] InnoDB: The log sequence numbers 1625987 and 1625987 in ibdata files do not match the log sequence number 1625997 in the ib_logfiles!
2018-09-19 16:08:02 30 [Note] InnoDB: Database was not shutdown normally!
2018-09-19 16:08:02 30 [Note] InnoDB: Starting crash recovery.
2018-09-19 16:08:02 30 [Note] InnoDB: Reading tablespace information from the .ibd files...
2018-09-19 16:08:02 30 [Note] InnoDB: Restoring possible half-written data pages 
2018-09-19 16:08:02 30 [Note] InnoDB: from the doublewrite buffer...
2018-09-19 16:08:03 30 [Note] InnoDB: 128 rollback segment(s) are active.
2018-09-19 16:08:03 30 [Note] InnoDB: Waiting for purge to start
2018-09-19 16:08:03 30 [Note] InnoDB: 5.6.40 started; log sequence number 1625997
2018-09-19 16:08:03 30 [Note] Server hostname (bind-address): '*'; port: 3306
2018-09-19 16:08:03 30 [Note] IPv6 is available.
2018-09-19 16:08:03 30 [Note]   - '::' resolves to '::';
2018-09-19 16:08:03 30 [Note] Server socket created on IP: '::'.
2018-09-19 16:08:03 30 [Warning] Insecure configuration for --pid-file: Location '/var/run/mysqld' in the path is accessible to all OS users. Consider choosing a different directory.
2018-09-19 16:08:03 30 [ERROR] /usr/sbin/mysqld: Table './mysql/user' is marked as crashed and should be repaired
2018-09-19 16:08:03 30 [Warning] Checking table:   './mysql/user'
2018-09-19 16:08:03 30 [ERROR] 1 client is using or hasn't closed the table properly
2018-09-19 16:08:03 30 [Warning] 'user' entry 'root@9fe08f37056c' ignored in --skip-name-resolve mode.
2018-09-19 16:08:03 30 [Warning] 'user' entry '@9fe08f37056c' ignored in --skip-name-resolve mode.
2018-09-19 16:08:03 30 [Warning] 'proxies_priv' entry '@ root@9fe08f37056c' ignored in --skip-name-resolve mode.
2018-09-19 16:08:03 30 [Note] Event Scheduler: Loaded 0 events
2018-09-19 16:08:03 30 [Note] /usr/sbin/mysqld: ready for connections.
Version: '5.6.40'  socket: '/var/run/mysqld/mysqld.sock'  port: 3306  MySQL Community Server (GPL)
2018-09-19 16:10:33 30 [Warning] 'user' entry 'root@9fe08f37056c' ignored in --skip-name-resolve mode.
2018-09-19 16:10:33 30 [Warning] 'user' entry '@9fe08f37056c' ignored in --skip-name-resolve mode.
2018-09-19 16:10:33 30 [Warning] 'proxies_priv' entry '@ root@9fe08f37056c' ignored in --skip-name-resolve mode.
2018-09-19 16:14:34 30 [Note] /usr/sbin/mysqld: Normal shutdown

2018-09-19 16:14:34 30 [Note] Giving 1 client threads a chance to die gracefully
2018-09-19 16:14:34 30 [Note] Event Scheduler: Purging the queue. 0 events
2018-09-19 16:14:34 30 [Note] Shutting down slave threads
2018-09-19 16:14:36 30 [Note] Forcefully disconnecting 1 remaining clients
2018-09-19 16:14:36 30 [Warning] /usr/sbin/mysqld: Forcing close of thread 21  user: 'root'

2018-09-19 16:14:36 30 [Note] Binlog end
2018-09-19 16:15:17 70 [Warning] Using unique option prefix myisam-recover instead of myisam-recover-options is deprecated and will be removed in a future release. Please use the full name instead.
2018-09-19 16:15:17 70 [Note] Plugin 'FEDERATED' is disabled.
2018-09-19 16:15:17 70 [Note] InnoDB: Using atomics to ref count buffer pool pages
2018-09-19 16:15:17 70 [Note] InnoDB: The InnoDB memory heap is disabled
2018-09-19 16:15:17 70 [Note] InnoDB: Mutexes and rw_locks use GCC atomic builtins
2018-09-19 16:15:17 70 [Note] InnoDB: Memory barrier is not used
2018-09-19 16:15:17 70 [Note] InnoDB: Compressed tables use zlib 1.2.3
2018-09-19 16:15:17 70 [Note] InnoDB: Using Linux native AIO
2018-09-19 16:15:17 70 [Note] InnoDB: Using CPU crc32 instructions
2018-09-19 16:15:17 70 [Note] InnoDB: Initializing buffer pool, size = 32.0M
2018-09-19 16:15:17 70 [Note] InnoDB: Completed initialization of buffer pool
2018-09-19 16:15:18 70 [Note] InnoDB: Highest supported file format is Barracuda.
2018-09-19 16:15:18 70 [Note] InnoDB: The log sequence numbers 1625987 and 1625987 in ibdata files do not match the log sequence number 2474038 in the ib_logfiles!
2018-09-19 16:15:18 70 [Note] InnoDB: Database was not shutdown normally!
2018-09-19 16:15:18 70 [Note] InnoDB: Starting crash recovery.
2018-09-19 16:15:18 70 [Note] InnoDB: Reading tablespace information from the .ibd files...
2018-09-19 16:15:19 70 [Note] InnoDB: Restoring possible half-written data pages 
2018-09-19 16:15:19 70 [Note] InnoDB: from the doublewrite buffer...
2018-09-19 16:15:21 70 [Note] InnoDB: 128 rollback segment(s) are active.
2018-09-19 16:15:21 70 [Note] InnoDB: Waiting for purge to start
2018-09-19 16:15:21 70 [Note] InnoDB: 5.6.40 started; log sequence number 2474038
2018-09-19 16:15:22 70 [Note] Server hostname (bind-address): '*'; port: 3306
2018-09-19 16:15:22 70 [Note] IPv6 is available.
2018-09-19 16:15:22 70 [Note]   - '::' resolves to '::';
2018-09-19 16:15:22 70 [Note] Server socket created on IP: '::'.
2018-09-19 16:15:22 70 [Warning] Insecure configuration for --pid-file: Location '/var/run/mysqld' in the path is accessible to all OS users. Consider choosing a different directory.
2018-09-19 16:15:22 70 [Warning] 'user' entry 'root@9fe08f37056c' ignored in --skip-name-resolve mode.
2018-09-19 16:15:22 70 [Warning] 'user' entry '@9fe08f37056c' ignored in --skip-name-resolve mode.
2018-09-19 16:15:22 70 [Warning] 'proxies_priv' entry '@ root@9fe08f37056c' ignored in --skip-name-resolve mode.
2018-09-19 16:15:22 70 [Note] Event Scheduler: Loaded 0 events
2018-09-19 16:15:22 70 [Note] /usr/sbin/mysqld: ready for connections.
Version: '5.6.40'  socket: '/var/run/mysqld/mysqld.sock'  port: 3306  MySQL Community Server (GPL)
2018-09-19 18:37:53 15 [Warning] Using unique option prefix myisam-recover instead of myisam-recover-options is deprecated and will be removed in a future release. Please use the full name instead.
2018-09-19 18:37:53 15 [Note] Plugin 'FEDERATED' is disabled.
2018-09-19 18:37:53 15 [Note] InnoDB: Using atomics to ref count buffer pool pages
2018-09-19 18:37:53 15 [Note] InnoDB: The InnoDB memory heap is disabled
2018-09-19 18:37:53 15 [Note] InnoDB: Mutexes and rw_locks use GCC atomic builtins
2018-09-19 18:37:53 15 [Note] InnoDB: Memory barrier is not used
2018-09-19 18:37:53 15 [Note] InnoDB: Compressed tables use zlib 1.2.3
2018-09-19 18:37:53 15 [Note] InnoDB: Using Linux native AIO
2018-09-19 18:37:56 15 [Note] InnoDB: Using CPU crc32 instructions
2018-09-19 18:37:56 15 [Note] InnoDB: Initializing buffer pool, size = 32.0M
2018-09-19 18:37:56 15 [Note] InnoDB: Completed initialization of buffer pool
2018-09-19 18:38:00 15 [Note] InnoDB: Highest supported file format is Barracuda.
2018-09-19 18:38:00 15 [Note] InnoDB: The log sequence numbers 1625987 and 1625987 in ibdata files do not match the log sequence number 2474048 in the ib_logfiles!
2018-09-19 18:38:00 15 [Note] InnoDB: Database was not shutdown normally!
2018-09-19 18:38:00 15 [Note] InnoDB: Starting crash recovery.
2018-09-19 18:38:00 15 [Note] InnoDB: Reading tablespace information from the .ibd files...
2018-09-19 18:38:03 15 [Note] InnoDB: Restoring possible half-written data pages 
2018-09-19 18:38:03 15 [Note] InnoDB: from the doublewrite buffer...
2018-09-19 18:38:16 15 [Note] InnoDB: 128 rollback segment(s) are active.
2018-09-19 18:38:16 15 [Note] InnoDB: Waiting for purge to start
2018-09-19 18:38:16 15 [Note] InnoDB: 5.6.40 started; log sequence number 2474048
2018-09-19 18:38:17 15 [Note] Server hostname (bind-address): '*'; port: 3306
2018-09-19 18:38:17 15 [Note] IPv6 is available.
2018-09-19 18:38:17 15 [Note]   - '::' resolves to '::';
2018-09-19 18:38:17 15 [Note] Server socket created on IP: '::'.
2018-09-19 18:38:17 15 [Warning] Insecure configuration for --pid-file: Location '/var/run/mysqld' in the path is accessible to all OS users. Consider choosing a different directory.
2018-09-19 18:38:17 15 [Warning] 'user' entry 'root@9fe08f37056c' ignored in --skip-name-resolve mode.
2018-09-19 18:38:17 15 [Warning] 'user' entry '@9fe08f37056c' ignored in --skip-name-resolve mode.
2018-09-19 18:38:18 15 [Warning] 'proxies_priv' entry '@ root@9fe08f37056c' ignored in --skip-name-resolve mode.
2018-09-19 18:38:24 15 [Note] Event Scheduler: Loaded 0 events
2018-09-19 18:38:24 15 [Note] /usr/sbin/mysqld: ready for connections.
Version: '5.6.40'  socket: '/var/run/mysqld/mysqld.sock'  port: 3306  MySQL Community Server (GPL)
2018-09-19 18:44:03 15 [Note] /usr/sbin/mysqld: Normal shutdown

2018-09-19 18:44:03 15 [Note] Giving 0 client threads a chance to die gracefully
2018-09-19 18:44:03 15 [Note] Event Scheduler: Purging the queue. 0 events
2018-09-19 18:44:03 15 [Note] Shutting down slave threads
2018-09-19 18:44:03 15 [Note] Forcefully disconnecting 0 remaining clients
2018-09-19 18:44:03 15 [Note] Binlog end
2018-09-19 18:44:04 15 [Note] Shutting down plugin 'partition'
2018-09-19 18:44:04 15 [Note] Shutting down plugin 'PERFORMANCE_SCHEMA'
2018-09-19 18:44:04 15 [Note] Shutting down plugin 'INNODB_SYS_DATAFILES'
2018-09-19 18:44:04 15 [Note] Shutting down plugin 'INNODB_SYS_TABLESPACES'
2018-09-19 18:44:04 15 [Note] Shutting down plugin 'INNODB_SYS_FOREIGN_COLS'
2018-09-19 18:44:04 15 [Note] Shutting down plugin 'INNODB_SYS_FOREIGN'
2018-09-19 18:44:04 15 [Note] Shutting down plugin 'INNODB_SYS_FIELDS'
2018-09-19 18:44:04 15 [Note] Shutting down plugin 'INNODB_SYS_COLUMNS'
2018-09-19 18:44:04 15 [Note] Shutting down plugin 'INNODB_SYS_INDEXES'
2018-09-19 18:44:04 15 [Note] Shutting down plugin 'INNODB_SYS_TABLESTATS'
2018-09-19 18:44:04 15 [Note] Shutting down plugin 'INNODB_SYS_TABLES'
2018-09-19 18:44:04 15 [Note] Shutting down plugin 'INNODB_FT_INDEX_TABLE'
2018-09-19 18:44:04 15 [Note] Shutting down plugin 'INNODB_FT_INDEX_CACHE'
2018-09-19 18:44:04 15 [Note] Shutting down plugin 'INNODB_FT_CONFIG'
2018-09-19 18:44:04 15 [Note] Shutting down plugin 'INNODB_FT_BEING_DELETED'
2018-09-19 18:44:04 15 [Note] Shutting down plugin 'INNODB_FT_DELETED'
2018-09-19 18:44:04 15 [Note] Shutting down plugin 'INNODB_FT_DEFAULT_STOPWORD'
2018-09-19 18:44:04 15 [Note] Shutting down plugin 'INNODB_METRICS'
2018-09-19 18:44:04 15 [Note] Shutting down plugin 'INNODB_BUFFER_POOL_STATS'
2018-09-19 18:44:04 15 [Note] Shutting down plugin 'INNODB_BUFFER_PAGE_LRU'
2018-09-19 18:44:04 15 [Note] Shutting down plugin 'INNODB_BUFFER_PAGE'
2018-09-19 18:44:04 15 [Note] Shutting down plugin 'INNODB_CMP_PER_INDEX_RESET'
2018-09-19 18:44:04 15 [Note] Shutting down plugin 'INNODB_CMP_PER_INDEX'
2018-09-19 18:44:04 15 [Note] Shutting down plugin 'INNODB_CMPMEM_RESET'
2018-09-19 18:44:04 15 [Note] Shutting down plugin 'INNODB_CMPMEM'
2018-09-19 18:44:04 15 [Note] Shutting down plugin 'INNODB_CMP_RESET'
2018-09-19 18:44:04 15 [Note] Shutting down plugin 'INNODB_CMP'
2018-09-19 18:44:04 15 [Note] Shutting down plugin 'INNODB_LOCK_WAITS'
2018-09-19 18:44:04 15 [Note] Shutting down plugin 'INNODB_LOCKS'
2018-09-19 18:44:04 15 [Note] Shutting down plugin 'INNODB_TRX'
2018-09-19 18:44:04 15 [Note] Shutting down plugin 'InnoDB'
2018-09-19 18:44:04 15 [Note] InnoDB: FTS optimize thread exiting.
2018-09-19 18:44:04 15 [Note] InnoDB: Starting shutdown...
2018-09-19 18:44:35 63 [Warning] Using unique option prefix myisam-recover instead of myisam-recover-options is deprecated and will be removed in a future release. Please use the full name instead.
2018-09-19 18:44:35 63 [Note] Plugin 'FEDERATED' is disabled.
2018-09-19 18:44:35 63 [Note] InnoDB: Using atomics to ref count buffer pool pages
2018-09-19 18:44:35 63 [Note] InnoDB: The InnoDB memory heap is disabled
2018-09-19 18:44:35 63 [Note] InnoDB: Mutexes and rw_locks use GCC atomic builtins
2018-09-19 18:44:35 63 [Note] InnoDB: Memory barrier is not used
2018-09-19 18:44:35 63 [Note] InnoDB: Compressed tables use zlib 1.2.3
2018-09-19 18:44:35 63 [Note] InnoDB: Using Linux native AIO
2018-09-19 18:44:35 63 [Note] InnoDB: Using CPU crc32 instructions
2018-09-19 18:44:35 63 [Note] InnoDB: Initializing buffer pool, size = 32.0M
2018-09-19 18:44:35 63 [Note] InnoDB: Completed initialization of buffer pool
2018-09-19 18:44:35 63 [Note] InnoDB: Highest supported file format is Barracuda.
2018-09-19 18:44:35 63 [Note] InnoDB: Log scan progressed past the checkpoint lsn 2482882
2018-09-19 18:44:35 63 [Note] InnoDB: Database was not shutdown normally!
2018-09-19 18:44:35 63 [Note] InnoDB: Starting crash recovery.
2018-09-19 18:44:35 63 [Note] InnoDB: Reading tablespace information from the .ibd files...
2018-09-19 18:44:35 63 [Note] InnoDB: Restoring possible half-written data pages 
2018-09-19 18:44:35 63 [Note] InnoDB: from the doublewrite buffer...
InnoDB: Doing recovery: scanned up to log sequence number 2482892
2018-09-19 18:44:36 63 [Note] InnoDB: 128 rollback segment(s) are active.
2018-09-19 18:44:36 63 [Note] InnoDB: Waiting for purge to start
2018-09-19 18:44:36 63 [Note] InnoDB: 5.6.40 started; log sequence number 2482892
2018-09-19 18:44:36 63 [Note] Server hostname (bind-address): '*'; port: 3306
2018-09-19 18:44:36 63 [Note] IPv6 is available.
2018-09-19 18:44:36 63 [Note]   - '::' resolves to '::';
2018-09-19 18:44:36 63 [Note] Server socket created on IP: '::'.
2018-09-19 18:44:36 63 [Warning] Insecure configuration for --pid-file: Location '/var/run/mysqld' in the path is accessible to all OS users. Consider choosing a different directory.
2018-09-19 18:44:36 63 [Warning] 'user' entry 'root@9fe08f37056c' ignored in --skip-name-resolve mode.
2018-09-19 18:44:36 63 [Warning] 'user' entry '@9fe08f37056c' ignored in --skip-name-resolve mode.
2018-09-19 18:44:36 63 [Warning] 'proxies_priv' entry '@ root@9fe08f37056c' ignored in --skip-name-resolve mode.
2018-09-19 18:44:36 63 [Note] Event Scheduler: Loaded 0 events
2018-09-19 18:44:36 63 [Note] /usr/sbin/mysqld: ready for connections.
Version: '5.6.40'  socket: '/var/run/mysqld/mysqld.sock'  port: 3306  MySQL Community Server (GPL)
2018-09-19 18:45:44 63 [Note] /usr/sbin/mysqld: Normal shutdown

2018-09-19 18:45:44 63 [Note] Giving 0 client threads a chance to die gracefully
2018-09-19 18:45:44 63 [Note] Event Scheduler: Purging the queue. 0 events
2018-09-19 18:45:44 63 [Note] Shutting down slave threads
2018-09-19 18:45:44 63 [Note] Forcefully disconnecting 0 remaining clients
2018-09-19 18:45:44 63 [Note] Binlog end
2018-09-19 18:45:45 63 [Note] Shutting down plugin 'partition'
2018-09-19 18:45:45 63 [Note] Shutting down plugin 'PERFORMANCE_SCHEMA'
2018-09-19 18:45:45 63 [Note] Shutting down plugin 'INNODB_SYS_DATAFILES'
2018-09-19 18:45:45 63 [Note] Shutting down plugin 'INNODB_SYS_TABLESPACES'
2018-09-19 18:45:45 63 [Note] Shutting down plugin 'INNODB_SYS_FOREIGN_COLS'
2018-09-19 18:45:45 63 [Note] Shutting down plugin 'INNODB_SYS_FOREIGN'
2018-09-19 18:45:45 63 [Note] Shutting down plugin 'INNODB_SYS_FIELDS'
2018-09-19 18:45:45 63 [Note] Shutting down plugin 'INNODB_SYS_COLUMNS'
2018-09-19 18:45:45 63 [Note] Shutting down plugin 'INNODB_SYS_INDEXES'
2018-09-19 18:45:45 63 [Note] Shutting down plugin 'INNODB_SYS_TABLESTATS'
2018-09-19 18:45:45 63 [Note] Shutting down plugin 'INNODB_SYS_TABLES'
2018-09-19 18:45:45 63 [Note] Shutting down plugin 'INNODB_FT_INDEX_TABLE'
2018-09-19 18:45:45 63 [Note] Shutting down plugin 'INNODB_FT_INDEX_CACHE'
2018-09-19 18:45:45 63 [Note] Shutting down plugin 'INNODB_FT_CONFIG'
2018-09-19 18:45:45 63 [Note] Shutting down plugin 'INNODB_FT_BEING_DELETED'
2018-09-19 18:45:45 63 [Note] Shutting down plugin 'INNODB_FT_DELETED'
2018-09-19 18:45:45 63 [Note] Shutting down plugin 'INNODB_FT_DEFAULT_STOPWORD'
2018-09-19 18:45:45 63 [Note] Shutting down plugin 'INNODB_METRICS'
2018-09-19 18:45:45 63 [Note] Shutting down plugin 'INNODB_BUFFER_POOL_STATS'
2018-09-19 18:45:45 63 [Note] Shutting down plugin 'INNODB_BUFFER_PAGE_LRU'
2018-09-19 18:45:45 63 [Note] Shutting down plugin 'INNODB_BUFFER_PAGE'
2018-09-19 18:45:45 63 [Note] Shutting down plugin 'INNODB_CMP_PER_INDEX_RESET'
2018-09-19 18:45:45 63 [Note] Shutting down plugin 'INNODB_CMP_PER_INDEX'
2018-09-19 18:45:45 63 [Note] Shutting down plugin 'INNODB_CMPMEM_RESET'
2018-09-19 18:45:45 63 [Note] Shutting down plugin 'INNODB_CMPMEM'
2018-09-19 18:45:45 63 [Note] Shutting down plugin 'INNODB_CMP_RESET'
2018-09-19 18:45:45 63 [Note] Shutting down plugin 'INNODB_CMP'
2018-09-19 18:45:45 63 [Note] Shutting down plugin 'INNODB_LOCK_WAITS'
2018-09-19 18:45:45 63 [Note] Shutting down plugin 'INNODB_LOCKS'
2018-09-19 18:45:45 63 [Note] Shutting down plugin 'INNODB_TRX'
2018-09-19 18:45:45 63 [Note] Shutting down plugin 'InnoDB'
2018-09-19 18:45:45 63 [Note] InnoDB: FTS optimize thread exiting.
2018-09-19 18:45:45 63 [Note] InnoDB: Starting shutdown...
2018-09-19 18:45:46 63 [Note] InnoDB: Shutdown completed; log sequence number 2482902
2018-09-19 18:45:46 63 [Note] Shutting down plugin 'BLACKHOLE'
2018-09-19 18:45:46 63 [Note] Shutting down plugin 'ARCHIVE'
2018-09-19 18:45:46 63 [Note] Shutting down plugin 'MRG_MYISAM'
2018-09-19 18:45:46 63 [Note] Shutting down plugin 'MyISAM'
2018-09-19 18:45:46 63 [Note] Shutting down plugin 'MEMORY'
2018-09-19 18:45:46 63 [Note] Shutting down plugin 'CSV'
2018-09-19 18:45:46 63 [Note] Shutting down plugin 'sha256_password'
2018-09-19 18:45:46 63 [Note] Shutting down plugin 'mysql_old_password'
2018-09-19 18:45:46 63 [Note] Shutting down plugin 'mysql_native_password'
2018-09-19 18:45:46 63 [Note] Shutting down plugin 'binlog'
2018-09-19 18:45:46 63 [Note] /usr/sbin/mysqld: Shutdown complete

2018-09-19 18:46:37 62 [Warning] Using unique option prefix myisam-recover instead of myisam-recover-options is deprecated and will be removed in a future release. Please use the full name instead.
2018-09-19 18:46:37 62 [Note] Plugin 'FEDERATED' is disabled.
2018-09-19 18:46:37 62 [Note] InnoDB: Using atomics to ref count buffer pool pages
2018-09-19 18:46:37 62 [Note] InnoDB: The InnoDB memory heap is disabled
2018-09-19 18:46:37 62 [Note] InnoDB: Mutexes and rw_locks use GCC atomic builtins
2018-09-19 18:46:37 62 [Note] InnoDB: Memory barrier is not used
2018-09-19 18:46:37 62 [Note] InnoDB: Compressed tables use zlib 1.2.3
2018-09-19 18:46:37 62 [Note] InnoDB: Using Linux native AIO
2018-09-19 18:46:37 62 [Note] InnoDB: Using CPU crc32 instructions
2018-09-19 18:46:37 62 [Note] InnoDB: Initializing buffer pool, size = 32.0M
2018-09-19 18:46:37 62 [Note] InnoDB: Completed initialization of buffer pool
2018-09-19 18:46:37 62 [Note] InnoDB: Highest supported file format is Barracuda.
2018-09-19 18:46:37 62 [Note] InnoDB: 128 rollback segment(s) are active.
2018-09-19 18:46:38 62 [Note] InnoDB: Waiting for purge to start
2018-09-19 18:46:38 62 [Note] InnoDB: 5.6.40 started; log sequence number 2482902
2018-09-19 18:46:38 62 [Note] Server hostname (bind-address): '*'; port: 3306
2018-09-19 18:46:38 62 [Note] IPv6 is available.
2018-09-19 18:46:38 62 [Note]   - '::' resolves to '::';
2018-09-19 18:46:38 62 [Note] Server socket created on IP: '::'.
2018-09-19 18:46:38 62 [Warning] Insecure configuration for --pid-file: Location '/var/run/mysqld' in the path is accessible to all OS users. Consider choosing a different directory.
2018-09-19 18:46:38 62 [Warning] 'user' entry 'root@9fe08f37056c' ignored in --skip-name-resolve mode.
2018-09-19 18:46:38 62 [Warning] 'user' entry '@9fe08f37056c' ignored in --skip-name-resolve mode.
2018-09-19 18:46:38 62 [Warning] 'proxies_priv' entry '@ root@9fe08f37056c' ignored in --skip-name-resolve mode.
2018-09-19 18:46:38 62 [Note] Event Scheduler: Loaded 0 events
2018-09-19 18:46:38 62 [Note] /usr/sbin/mysqld: ready for connections.
Version: '5.6.40'  socket: '/var/run/mysqld/mysqld.sock'  port: 3306  MySQL Community Server (GPL)
2018-09-22 10:52:44 62 [Warning] Using unique option prefix myisam-recover instead of myisam-recover-options is deprecated and will be removed in a future release. Please use the full name instead.
2018-09-22 10:52:44 62 [Note] Plugin 'FEDERATED' is disabled.
2018-09-22 10:52:44 62 [Note] InnoDB: Using atomics to ref count buffer pool pages
2018-09-22 10:52:44 62 [Note] InnoDB: The InnoDB memory heap is disabled
2018-09-22 10:52:44 62 [Note] InnoDB: Mutexes and rw_locks use GCC atomic builtins
2018-09-22 10:52:44 62 [Note] InnoDB: Memory barrier is not used
2018-09-22 10:52:44 62 [Note] InnoDB: Compressed tables use zlib 1.2.3
2018-09-22 10:52:44 62 [Note] InnoDB: Using Linux native AIO
2018-09-22 10:52:44 62 [Note] InnoDB: Using CPU crc32 instructions
2018-09-22 10:52:44 62 [Note] InnoDB: Initializing buffer pool, size = 32.0M
2018-09-22 10:52:44 62 [Note] InnoDB: Completed initialization of buffer pool
2018-09-22 10:52:44 62 [Note] InnoDB: Highest supported file format is Barracuda.
2018-09-22 10:52:44 62 [Note] InnoDB: The log sequence numbers 2482902 and 2482902 in ibdata files do not match the log sequence number 2486721 in the ib_logfiles!
2018-09-22 10:52:44 62 [Note] InnoDB: Database was not shutdown normally!
2018-09-22 10:52:44 62 [Note] InnoDB: Starting crash recovery.
2018-09-22 10:52:44 62 [Note] InnoDB: Reading tablespace information from the .ibd files...
2018-09-22 10:52:45 62 [Note] InnoDB: Restoring possible half-written data pages 
2018-09-22 10:52:45 62 [Note] InnoDB: from the doublewrite buffer...
2018-09-22 10:52:48 62 [Note] InnoDB: 128 rollback segment(s) are active.
2018-09-22 10:52:48 62 [Note] InnoDB: Waiting for purge to start
2018-09-22 10:52:48 62 [Note] InnoDB: 5.6.40 started; log sequence number 2486721
2018-09-22 10:52:48 62 [Note] Server hostname (bind-address): '*'; port: 3306
2018-09-22 10:52:48 62 [Note] IPv6 is available.
2018-09-22 10:52:48 62 [Note]   - '::' resolves to '::';
2018-09-22 10:52:48 62 [Note] Server socket created on IP: '::'.
2018-09-22 10:52:48 62 [Warning] Insecure configuration for --pid-file: Location '/var/run/mysqld' in the path is accessible to all OS users. Consider choosing a different directory.
2018-09-22 10:52:48 62 [Warning] 'user' entry 'root@9fe08f37056c' ignored in --skip-name-resolve mode.
2018-09-22 10:52:48 62 [Warning] 'user' entry '@9fe08f37056c' ignored in --skip-name-resolve mode.
2018-09-22 10:52:48 62 [Warning] 'proxies_priv' entry '@ root@9fe08f37056c' ignored in --skip-name-resolve mode.
2018-09-22 10:52:48 62 [Note] Event Scheduler: Loaded 0 events
2018-09-22 10:52:48 62 [Note] /usr/sbin/mysqld: ready for connections.
Version: '5.6.40'  socket: '/var/run/mysqld/mysqld.sock'  port: 3306  MySQL Community Server (GPL)
2018-09-26 08:51:06 67 [Warning] Using unique option prefix myisam-recover instead of myisam-recover-options is deprecated and will be removed in a future release. Please use the full name instead.
2018-09-26 08:51:06 67 [Note] Plugin 'FEDERATED' is disabled.
2018-09-26 08:51:06 67 [Note] InnoDB: Using atomics to ref count buffer pool pages
2018-09-26 08:51:06 67 [Note] InnoDB: The InnoDB memory heap is disabled
2018-09-26 08:51:06 67 [Note] InnoDB: Mutexes and rw_locks use GCC atomic builtins
2018-09-26 08:51:06 67 [Note] InnoDB: Memory barrier is not used
2018-09-26 08:51:06 67 [Note] InnoDB: Compressed tables use zlib 1.2.3
2018-09-26 08:51:06 67 [Note] InnoDB: Using Linux native AIO
2018-09-26 08:51:06 67 [Note] InnoDB: Using CPU crc32 instructions
2018-09-26 08:51:06 67 [Note] InnoDB: Initializing buffer pool, size = 32.0M
2018-09-26 08:51:06 67 [Note] InnoDB: Completed initialization of buffer pool
2018-09-26 08:51:07 67 [Note] InnoDB: Highest supported file format is Barracuda.
2018-09-26 08:51:07 67 [Note] InnoDB: The log sequence numbers 1625987 and 1625987 in ibdata files do not match the log sequence number 3806750 in the ib_logfiles!
2018-09-26 08:51:07 67 [Note] InnoDB: Database was not shutdown normally!
2018-09-26 08:51:07 67 [Note] InnoDB: Starting crash recovery.
2018-09-26 08:51:07 67 [Note] InnoDB: Reading tablespace information from the .ibd files...
2018-09-26 08:51:07 67 [Note] InnoDB: Restoring possible half-written data pages 
2018-09-26 08:51:07 67 [Note] InnoDB: from the doublewrite buffer...
2018-09-26 08:51:07 67 [Note] InnoDB: 128 rollback segment(s) are active.
2018-09-26 08:51:07 67 [Note] InnoDB: Waiting for purge to start
2018-09-26 08:51:07 67 [Note] InnoDB: 5.6.40 started; log sequence number 3806750
2018-09-26 08:51:07 67 [Note] Server hostname (bind-address): '*'; port: 3306
2018-09-26 08:51:07 67 [Note] IPv6 is available.
2018-09-26 08:51:07 67 [Note]   - '::' resolves to '::';
2018-09-26 08:51:07 67 [Note] Server socket created on IP: '::'.
2018-09-26 08:51:07 67 [Warning] Insecure configuration for --pid-file: Location '/var/run/mysqld' in the path is accessible to all OS users. Consider choosing a different directory.
2018-09-26 08:51:07 67 [ERROR] /usr/sbin/mysqld: Table './mysql/user' is marked as crashed and should be repaired
2018-09-26 08:51:07 67 [Warning] Checking table:   './mysql/user'
2018-09-26 08:51:07 67 [ERROR] 1 client is using or hasn't closed the table properly
2018-09-26 08:51:07 67 [Warning] 'user' entry 'root@9fe08f37056c' ignored in --skip-name-resolve mode.
2018-09-26 08:51:07 67 [Warning] 'user' entry '@9fe08f37056c' ignored in --skip-name-resolve mode.
2018-09-26 08:51:07 67 [Warning] 'proxies_priv' entry '@ root@9fe08f37056c' ignored in --skip-name-resolve mode.
2018-09-26 08:51:07 67 [Note] Event Scheduler: Loaded 0 events
2018-09-26 08:51:07 67 [Note] /usr/sbin/mysqld: ready for connections.
Version: '5.6.40'  socket: '/var/run/mysqld/mysqld.sock'  port: 3306  MySQL Community Server (GPL)
2018-09-26 11:16:12 67 [Note] /usr/sbin/mysqld: Normal shutdown

2018-09-26 11:16:12 67 [Note] Giving 1 client threads a chance to die gracefully
2018-09-26 11:16:12 67 [Note] Event Scheduler: Purging the queue. 0 events
2018-09-26 11:16:12 67 [Note] Shutting down slave threads
2018-09-26 11:16:19 69 [Warning] Using unique option prefix myisam-recover instead of myisam-recover-options is deprecated and will be removed in a future release. Please use the full name instead.
2018-09-26 11:16:19 69 [Note] Plugin 'FEDERATED' is disabled.
2018-09-26 11:16:19 69 [Note] InnoDB: Using atomics to ref count buffer pool pages
2018-09-26 11:16:19 69 [Note] InnoDB: The InnoDB memory heap is disabled
2018-09-26 11:16:19 69 [Note] InnoDB: Mutexes and rw_locks use GCC atomic builtins
2018-09-26 11:16:19 69 [Note] InnoDB: Memory barrier is not used
2018-09-26 11:16:19 69 [Note] InnoDB: Compressed tables use zlib 1.2.3
2018-09-26 11:16:19 69 [Note] InnoDB: Using Linux native AIO
2018-09-26 11:16:19 69 [Note] InnoDB: Using CPU crc32 instructions
2018-09-26 11:16:19 69 [Note] InnoDB: Initializing buffer pool, size = 32.0M
2018-09-26 11:16:19 69 [Note] InnoDB: Completed initialization of buffer pool
2018-09-26 11:16:19 69 [Note] InnoDB: Highest supported file format is Barracuda.
2018-09-26 11:16:19 69 [Note] InnoDB: The log sequence numbers 1625987 and 1625987 in ibdata files do not match the log sequence number 4351140 in the ib_logfiles!
2018-09-26 11:16:19 69 [Note] InnoDB: Database was not shutdown normally!
2018-09-26 11:16:19 69 [Note] InnoDB: Starting crash recovery.
2018-09-26 11:16:19 69 [Note] InnoDB: Reading tablespace information from the .ibd files...
2018-09-26 11:16:19 69 [Note] InnoDB: Restoring possible half-written data pages 
2018-09-26 11:16:19 69 [Note] InnoDB: from the doublewrite buffer...
2018-09-26 11:16:19 69 [Note] InnoDB: 128 rollback segment(s) are active.
2018-09-26 11:16:19 69 [Note] InnoDB: Waiting for purge to start
2018-09-26 11:16:19 69 [Note] InnoDB: 5.6.40 started; log sequence number 4351140
2018-09-26 11:16:19 69 [Note] Server hostname (bind-address): '*'; port: 3306
2018-09-26 11:16:19 69 [Note] IPv6 is available.
2018-09-26 11:16:19 69 [Note]   - '::' resolves to '::';
2018-09-26 11:16:19 69 [Note] Server socket created on IP: '::'.
2018-09-26 11:16:19 69 [Warning] Insecure configuration for --pid-file: Location '/var/run/mysqld' in the path is accessible to all OS users. Consider choosing a different directory.
2018-09-26 11:16:19 69 [Warning] 'user' entry 'root@9fe08f37056c' ignored in --skip-name-resolve mode.
2018-09-26 11:16:19 69 [Warning] 'user' entry '@9fe08f37056c' ignored in --skip-name-resolve mode.
2018-09-26 11:16:19 69 [Warning] 'proxies_priv' entry '@ root@9fe08f37056c' ignored in --skip-name-resolve mode.
2018-09-26 11:16:19 69 [Note] Event Scheduler: Loaded 0 events
2018-09-26 11:16:19 69 [Note] /usr/sbin/mysqld: ready for connections.
Version: '5.6.40'  socket: '/var/run/mysqld/mysqld.sock'  port: 3306  MySQL Community Server (GPL)
